Using pre-set license
Built from '2020.3/staging' branch; Version is '2020.3.0f1 (c7b5465681fb) revision 13088070'; Using compiler version '192528614'; Build Type 'Release'
OS: 'Windows 10 Pro; OS build 19042.867; Version 2009; 64bit' Language: 'en' Physical Memory: 32666 MB
BatchMode: 1, IsHumanControllingUs: 0, StartBugReporterOnCrash: 0, Is64bit: 1, IsPro: 0

 COMMAND LINE ARGUMENTS:
D:\Unity Hub\2020.3.0f1\Editor\Unity.exe
-adb2
-batchMode
-noUpm
-name
AssetImportWorker0
-projectPath
D:/UnityProject/EVA-Robot
-logFile
Logs/AssetImportWorker0.log
-srvPort
60711
Successfully changed project path to: D:/UnityProject/EVA-Robot
D:/UnityProject/EVA-Robot
Using Asset Import Pipeline V2.
Refreshing native plugins compatible for Editor in 27.59 ms, found 0 plugins.
Preloading 0 native plugins for Editor in 0.00 ms.
Initialize engine version: 2020.3.0f1 (c7b5465681fb)
[Subsystems] Discovering subsystems at path D:/Unity Hub/2020.3.0f1/Editor/Data/Resources/UnitySubsystems
[Subsystems] Discovering subsystems at path D:/UnityProject/EVA-Robot/Assets
GfxDevice: creating device client; threaded=0
Direct3D:
    Version:  Direct3D 11.0 [level 11.1]
    Renderer: NVIDIA GeForce RTX 2060 SUPER (ID=0x1f06)
    Vendor:   
    VRAM:     8031 MB
    Driver:   27.21.14.6140
Initialize mono
Mono path[0] = 'D:/Unity Hub/2020.3.0f1/Editor/Data/Managed'
Mono path[1] = 'D:/Unity Hub/2020.3.0f1/Editor/Data/MonoBleedingEdge/lib/mono/unityjit'
Mono config path = 'D:/Unity Hub/2020.3.0f1/Editor/Data/MonoBleedingEdge/etc'
Using monoOptions --debugger-agent=transport=dt_socket,embedding=1,server=y,suspend=n,address=127.0.0.1:56940
Begin MonoManager ReloadAssembly
Registering precompiled unity dll's ...
Register platform support module: D:/Unity Hub/2020.3.0f1/Editor/Data/PlaybackEngines/WebGLSupport/UnityEditor.WebGL.Extensions.dll
Register platform support module: D:/Unity Hub/2020.3.0f1/Editor/Data/PlaybackEngines/WindowsStandaloneSupport/UnityEditor.WindowsStandalone.Extensions.dll
Registered in 0.000890 seconds.
Native extension for WindowsStandalone target not found
Native extension for WebGL target not found
Refreshing native plugins compatible for Editor in 29.58 ms, found 0 plugins.
Preloading 0 native plugins for Editor in 0.00 ms.
Invoked RoslynAnalysisRunner static constructor.
RoslynAnalysisRunner will not be running.
RoslynAnalysisRunner has terminated.
Mono: successfully reloaded assembly
- Completed reload, in  0.657 seconds
Platform modules already initialized, skipping
Registering precompiled user dll's ...
Registered in 0.002751 seconds.
Begin MonoManager ReloadAssembly
Native extension for WindowsStandalone target not found
Native extension for WebGL target not found
Refreshing native plugins compatible for Editor in 0.38 ms, found 0 plugins.
Preloading 0 native plugins for Editor in 0.00 ms.
Invoked RoslynAnalysisRunner static constructor.
RoslynAnalysisRunner will not be running.
RoslynAnalysisRunner has terminated.
Mono: successfully reloaded assembly
- Completed reload, in  0.650 seconds
Platform modules already initialized, skipping
========================================================================
Worker process is ready to serve import requests
Launched and connected shader compiler UnityShaderCompiler.exe after 0.03 seconds
Refreshing native plugins compatible for Editor in 0.37 ms, found 0 plugins.
Preloading 0 native plugins for Editor in 0.00 ms.
Unloading 1533 Unused Serialized files (Serialized files now loaded: 0)
System memory in use before: 105.3 MB.
System memory in use after: 105.1 MB.

Unloading 24 unused Assets to reduce memory usage. Loaded Objects now: 2006.
Total: 1.896000 ms (FindLiveObjects: 0.277600 ms CreateObjectMapping: 0.109500 ms MarkObjects: 1.219800 ms  DeleteObjects: 0.287900 ms)

========================================================================
Received Import Request.
  path: Assets/New Terrain 1.asset
  artifactKey: Guid(65a63dd027974d548a6dc300d76b945e) Importer(815301076,1909f56bfc062723c751e8b465ee728b)
Start importing Assets/New Terrain 1.asset using Guid(65a63dd027974d548a6dc300d76b945e) Importer(815301076,1909f56bfc062723c751e8b465ee728b)  -> (artifact id: 'a4fed604b93503ef736f4b945007fcbc') in 0.414353 seconds
  Import took 0.416657 seconds .

========================================================================
Received Import Request.
  Time since last request: 0.000140 seconds.
  path: Assets/New Terrain.asset
  artifactKey: Guid(278a034e7f1875641bc8a563c1b13690) Importer(815301076,1909f56bfc062723c751e8b465ee728b)
Start importing Assets/New Terrain.asset using Guid(278a034e7f1875641bc8a563c1b13690) Importer(815301076,1909f56bfc062723c751e8b465ee728b)  -> (artifact id: '5525af06a00a5e10ff0913212eb7f036') in 0.012582 seconds
  Import took 0.014460 seconds .

========================================================================
Received Prepare
Registering precompiled user dll's ...
Registered in 0.002717 seconds.
Begin MonoManager ReloadAssembly
Native extension for WindowsStandalone target not found
Native extension for WebGL target not found
Refreshing native plugins compatible for Editor in 0.38 ms, found 0 plugins.
Preloading 0 native plugins for Editor in 0.00 ms.
Invoked RoslynAnalysisRunner static constructor.
RoslynAnalysisRunner will not be running.
RoslynAnalysisRunner has terminated.
Mono: successfully reloaded assembly
- Completed reload, in  0.605 seconds
Platform modules already initialized, skipping
Refreshing native plugins compatible for Editor in 0.39 ms, found 0 plugins.
Preloading 0 native plugins for Editor in 0.00 ms.
Unloading 1432 Unused Serialized files (Serialized files now loaded: 0)
System memory in use before: 97.8 MB.
System memory in use after: 97.6 MB.

Unloading 19 unused Assets to reduce memory usage. Loaded Objects now: 2011.
Total: 1.542700 ms (FindLiveObjects: 0.158000 ms CreateObjectMapping: 0.075400 ms MarkObjects: 1.055100 ms  DeleteObjects: 0.253400 ms)

========================================================================
Received Prepare
Registering precompiled user dll's ...
Registered in 0.002662 seconds.
Begin MonoManager ReloadAssembly
Native extension for WindowsStandalone target not found
Native extension for WebGL target not found
Refreshing native plugins compatible for Editor in 0.38 ms, found 0 plugins.
Preloading 0 native plugins for Editor in 0.00 ms.
Invoked RoslynAnalysisRunner static constructor.
RoslynAnalysisRunner will not be running.
RoslynAnalysisRunner has terminated.
Mono: successfully reloaded assembly
- Completed reload, in  0.602 seconds
Platform modules already initialized, skipping
Refreshing native plugins compatible for Editor in 0.38 ms, found 0 plugins.
Preloading 0 native plugins for Editor in 0.00 ms.
Unloading 1433 Unused Serialized files (Serialized files now loaded: 0)
System memory in use before: 97.9 MB.
System memory in use after: 97.7 MB.

Unloading 19 unused Assets to reduce memory usage. Loaded Objects now: 2015.
Total: 1.712000 ms (FindLiveObjects: 0.185000 ms CreateObjectMapping: 0.069900 ms MarkObjects: 1.173700 ms  DeleteObjects: 0.282600 ms)

========================================================================
Received Import Request.
  Time since last request: 201.382226 seconds.
  path: Assets/RosSharp/README.pdf
  artifactKey: Guid(a59df4ed65efe4340af9becfdb425dd8) Importer(815301076,1909f56bfc062723c751e8b465ee728b)
Start importing Assets/RosSharp/README.pdf using Guid(a59df4ed65efe4340af9becfdb425dd8) Importer(815301076,1909f56bfc062723c751e8b465ee728b)  -> (artifact id: '2a01d56a36b54a7effd1922294573f63') in 0.018833 seconds
  Import took 0.020942 seconds .

========================================================================
Received Import Request.
  Time since last request: 614.459931 seconds.
  path: Assets/RosSharp/Scripts
  artifactKey: Guid(8745b455af849b4498f21dacc3d49b97) Importer(815301076,1909f56bfc062723c751e8b465ee728b)
Start importing Assets/RosSharp/Scripts using Guid(8745b455af849b4498f21dacc3d49b97) Importer(815301076,1909f56bfc062723c751e8b465ee728b)  -> (artifact id: '7bfd74f8295cd49d3315bec001066016') in 0.004861 seconds
  Import took 0.006938 seconds .

========================================================================
Received Import Request.
  Time since last request: 9.873173 seconds.
  path: Assets/Scenes/eva.fbx
  artifactKey: Guid(72457b4e97d93d246a7a9eed7e0a28a7) Importer(815301076,1909f56bfc062723c751e8b465ee728b)
Start importing Assets/Scenes/eva.fbx using Guid(72457b4e97d93d246a7a9eed7e0a28a7) Importer(815301076,1909f56bfc062723c751e8b465ee728b)  -> (artifact id: 'd6a00a9876888711f46d183b5be2e29a') in 0.284446 seconds
  Import took 0.287008 seconds .

========================================================================
Received Import Request.
  Time since last request: 0.000121 seconds.
  path: Assets/Scenes/NewLayer 2.terrainlayer
  artifactKey: Guid(c3eec7b3c6bd54e44a106cf115f3390e) Importer(815301076,1909f56bfc062723c751e8b465ee728b)
Start importing Assets/Scenes/NewLayer 2.terrainlayer using Guid(c3eec7b3c6bd54e44a106cf115f3390e) Importer(815301076,1909f56bfc062723c751e8b465ee728b)  -> (artifact id: '9b1211054294970db8aeaab42667b58f') in 0.038016 seconds
  Import took 0.040211 seconds .

========================================================================
Received Import Request.
  Time since last request: 0.000124 seconds.
  path: Assets/Scenes/NewLayer 1.terrainlayer
  artifactKey: Guid(87f6cb7f37462a34ba2735c99e87b1fa) Importer(815301076,1909f56bfc062723c751e8b465ee728b)
Start importing Assets/Scenes/NewLayer 1.terrainlayer using Guid(87f6cb7f37462a34ba2735c99e87b1fa) Importer(815301076,1909f56bfc062723c751e8b465ee728b)  -> (artifact id: 'd9c5a0f1366a980db79393d6733b077e') in 0.036602 seconds
  Import took 0.039771 seconds .

========================================================================
Received Import Request.
  Time since last request: 0.000117 seconds.
  path: Assets/Scenes/eva.fbx
  artifactKey: Guid(72457b4e97d93d246a7a9eed7e0a28a7) Importer(815301076,1909f56bfc062723c751e8b465ee728b)
Start importing Assets/Scenes/eva.fbx using Guid(72457b4e97d93d246a7a9eed7e0a28a7) Importer(815301076,1909f56bfc062723c751e8b465ee728b)  -> (artifact id: 'd6a00a9876888711f46d183b5be2e29a') in 0.069415 seconds
  Import took 0.071973 seconds .

========================================================================
Received Import Request.
  Time since last request: 0.000116 seconds.
  path: Assets/Scenes/NewLayer 1.terrainlayer
  artifactKey: Guid(87f6cb7f37462a34ba2735c99e87b1fa) Importer(815301076,1909f56bfc062723c751e8b465ee728b)
Start importing Assets/Scenes/NewLayer 1.terrainlayer using Guid(87f6cb7f37462a34ba2735c99e87b1fa) Importer(815301076,1909f56bfc062723c751e8b465ee728b)  -> (artifact id: 'd9c5a0f1366a980db79393d6733b077e') in 0.021838 seconds
  Import took 0.025131 seconds .

AssetImportWorkerClient::OnTransportError - code=2 error=End of file
